<?xml version="1.0" encoding="UTF-8"?>
<!-- Generated by org.testng.reporters.JUnitXMLReporter -->
<testsuite ignored="1" hostname="DESKTOP-I5JEI3M" failures="0" tests="1" name="AllTestcases" time="32.403" errors="0" timestamp="2024-07-02T21:36:12 IST">
  <testcase classname="test.LoginPageTest" name="verifyLoginWithValidCredentials" time="11.35"/>
  <testcase classname="test.LoginPageTest" name="verifyErrorMsgWhileLoginWithInvalidCredentials" time="0.0">
    <ignored/>
  </testcase> <!-- verifyErrorMsgWhileLoginWithInvalidCredentials -->
</testsuite> <!-- AllTestcases -->
