<?xml version="1.0" encoding="UTF-8"?>
<!-- Generated by org.testng.reporters.JUnitXMLReporter -->
<testsuite ignored="1" hostname="DESKTOP-I5JEI3M" failures="1" tests="4" name="AllTestcases" time="141.112" errors="0" timestamp="2024-07-02T11:12:49 IST">
  <testcase classname="test.LoginPageTest" name="verifyLoginWithValidCredentials" time="13.68">
    <skipped/>
  </testcase> <!-- verifyLoginWithValidCredentials -->
  <testcase classname="test.LoginPageTest" name="verifyLoginWithValidCredentials" time="6.869">
    <skipped/>
  </testcase> <!-- verifyLoginWithValidCredentials -->
  <testcase classname="test.LoginPageTest" name="verifyLoginWithValidCredentials" time="9.087">
    <skipped/>
  </testcase> <!-- verifyLoginWithValidCredentials -->
  <testcase classname="test.LoginPageTest" name="verifyLoginWithValidCredentials" time="6.932">
    <failure type="java.lang.AssertionError" message="User Login with valid credentials failed expected [Welcome XYZ,] but found [Welcome admin,]">
      <![CDATA[java.lang.AssertionError: User Login with valid credentials failed expected [Welcome XYZ,] but found [Welcome admin,]
at test.LoginPageTest.verifyLoginWithValidCredentials(LoginPageTest.java:28)
at java.base/java.util.ArrayList.forEach(ArrayList.java:1511)
... Removed 32 stack frames]]>
    </failure>
  </testcase> <!-- verifyLoginWithValidCredentials -->
  <testcase classname="test.LoginPageTest" name="verifyErrorMsgWhileLoginWithInvalidCredentials" time="0.0">
    <ignored/>
  </testcase> <!-- verifyErrorMsgWhileLoginWithInvalidCredentials -->
</testsuite> <!-- AllTestcases -->
