<?xml version="1.0" encoding="UTF-8"?>
<!-- Generated by org.testng.reporters.JUnitXMLReporter -->
<testsuite ignored="1" hostname="DESKTOP-I5JEI3M" failures="0" tests="1" name="Chrome Test" time="31.979" errors="0" timestamp="2024-07-02T21:36:57 IST">
  <testcase classname="test.AddUserPageTest" name="verifyUserLoginWithNewlyaddeduser" time="19.012"/>
  <testcase classname="test.AddUserPageTest" name="verifyAddUser" time="0.0">
    <ignored/>
  </testcase> <!-- verifyAddUser -->
</testsuite> <!-- Chrome Test -->
