<?xml version="1.0" encoding="UTF-8"?>
<!-- Generated by org.testng.reporters.JUnitXMLReporter -->
<testsuite ignored="1" hostname="DESKTOP-I5JEI3M" failures="0" tests="1" name="Chrome Test" time="26.759" errors="0" timestamp="2024-06-27T19:35:42 IST">
  <testcase classname="test.AddUserPageTest" name="verifyUserLoginWithNewlyaddeduser" time="16.589"/>
  <testcase classname="test.AddUserPageTest" name="verifyAddUser" time="0.0">
    <ignored/>
  </testcase> <!-- verifyAddUser -->
</testsuite> <!-- Chrome Test -->
