<?xml version="1.0" encoding="UTF-8"?>
<!-- Generated by org.testng.reporters.JUnitXMLReporter -->
<testsuite ignored="1" hostname="DESKTOP-I5JEI3M" failures="0" tests="1" name="Edge Test" time="36.156" errors="0" timestamp="2024-07-02T21:37:33 IST">
  <testcase classname="test.AddUserPageTest" name="verifyUserLoginWithNewlyaddeduser" time="17.638"/>
  <testcase classname="test.AddUserPageTest" name="verifyAddUser" time="0.0">
    <ignored/>
  </testcase> <!-- verifyAddUser -->
</testsuite> <!-- Edge Test -->
