<?xml version="1.0" encoding="UTF-8"?>
<!-- Generated by org.testng.reporters.JUnitXMLReporter -->
<testsuite ignored="0" hostname="DESKTOP-I5JEI3M" failures="0" tests="3" name="FunctionalTest" time="61.756" errors="0" timestamp="2024-07-05T20:27:11 IST">
  <testcase classname="test.ResetPageTest" name="verifyErrorMsgWithInvalidEmailId" time="3.47"/>
  <testcase classname="test.ResetPageTest" name="verifyPasswordResetwithValidEmailId" time="2.476"/>
  <testcase classname="test.ResetPageTest" name="verifyResetPageTitle" time="0.953"/>
</testsuite> <!-- FunctionalTest -->
