<?xml version="1.0" encoding="UTF-8"?>
<!-- Generated by org.testng.reporters.JUnitXMLReporter -->
<testsuite ignored="0" hostname="DESKTOP-I5JEI3M" failures="0" tests="4" name="LoginPageTest" time="48.43" errors="0" timestamp="2024-06-27T15:54:49 IST">
  <testcase classname="test.LoginPageTest" name="verifyErrorMsgWhileLoginWithInvalidCredentials" time="1.919"/>
  <testcase classname="test.LoginPageTest" name="verifyErrorMsgWhileLoginWithInvalidCredentials" time="1.042"/>
  <testcase classname="test.LoginPageTest" name="verifyErrorMsgWhileLoginWithInvalidCredentials" time="1.16"/>
  <testcase classname="test.LoginPageTest" name="verifyLoginWithValidCredentials" time="4.112"/>
</testsuite> <!-- LoginPageTest -->
