<?xml version="1.0" encoding="UTF-8"?>
<!-- Generated by org.testng.reporters.JUnitXMLReporter -->
<testsuite ignored="0" hostname="DESKTOP-I5JEI3M" failures="1" tests="1" name="Profile Page Test" time="63.384" errors="0" timestamp="2024-07-02T11:14:55 IST">
  <testcase classname="test.ProfilePageTest" name="verifyProfileUpdate" time="2.599">
    <failure type="java.lang.RuntimeException" message="Excel Sheet not found">
      <![CDATA[java.lang.RuntimeException: Excel Sheet not found
at utilities.ExcelUtility.getStringData(ExcelUtility.java:31)
at test.ProfilePageTest.verifyProfileUpdate(ProfilePageTest.java:19)
at java.base/java.util.ArrayList.forEach(ArrayList.java:1511)
at java.base/java.util.concurrent.FutureTask.run(FutureTask.java:264)
at java.base/java.util.concurrent.ThreadPoolExecutor.runWorker(ThreadPoolExecutor.java:1136)
at java.base/java.util.concurrent.ThreadPoolExecutor$Worker.run(ThreadPoolExecutor.java:635)
at java.base/java.lang.Thread.run(Thread.java:833)
... Removed 17 stack frames]]>
    </failure>
  </testcase> <!-- verifyProfileUpdate -->
</testsuite> <!-- Profile Page Test -->
