<?xml version="1.0" encoding="UTF-8"?>
<!-- Generated by org.testng.reporters.JUnitXMLReporter -->
<testsuite ignored="0" hostname="DESKTOP-I5JEI3M" failures="0" tests="3" name="Reset Page Test" time="40.172" errors="0" timestamp="2024-06-27T16:05:40 IST">
  <testcase classname="test.ResetPageTest" name="verifyErrorMsgWithInvalidEmailId" time="3.09"/>
  <testcase classname="test.ResetPageTest" name="verifyPasswordResetwithValidEmailId" time="1.858"/>
  <testcase classname="test.ResetPageTest" name="verifyResetPageTitle" time="0.624"/>
</testsuite> <!-- Reset Page Test -->
