<?xml version="1.0" encoding="UTF-8"?>
<!-- Generated by org.testng.reporters.JUnitXMLReporter -->
<testsuite ignored="0" hostname="DESKTOP-I5JEI3M" failures="0" tests="3" name="Reset Page Test" time="45.992" errors="0" timestamp="2024-07-02T21:03:22 IST">
  <testcase classname="test.ResetPageTest" name="verifyErrorMsgWithInvalidEmailId" time="2.638"/>
  <testcase classname="test.ResetPageTest" name="verifyPasswordResetwithValidEmailId" time="2.048"/>
  <testcase classname="test.ResetPageTest" name="verifyResetPageTitle" time="0.716"/>
</testsuite> <!-- Reset Page Test -->
