<?xml version="1.0" encoding="UTF-8"?>
<!-- Generated by org.testng.reporters.JUnitXMLReporter -->
<testsuite ignored="0" hostname="DESKTOP-I5JEI3M" failures="0" tests="16" name="TestReport" time="337.264" errors="0" timestamp="2024-07-02T21:51:45 IST">
  <testcase classname="test.LoginPageTest" name="verifyErrorMsgWhileLoginWithInvalidCredentials" time="4.764"/>
  <testcase classname="test.LoginPageTest" name="verifyErrorMsgWhileLoginWithInvalidCredentials" time="1.453"/>
  <testcase classname="test.LoginPageTest" name="verifyErrorMsgWhileLoginWithInvalidCredentials" time="1.725"/>
  <testcase classname="test.LoginPageTest" name="verifyLoginWithValidCredentials" time="3.672"/>
  <testcase classname="test.ResetPageTest" name="verifyErrorMsgWithInvalidEmailId" time="2.437"/>
  <testcase classname="test.ResetPageTest" name="verifyPasswordResetwithValidEmailId" time="3.795"/>
  <testcase classname="test.ResetPageTest" name="verifyResetPageTitle" time="1.665"/>
  <testcase classname="test.HomePageTest" name="verifyUserLoginDate" time="9.245"/>
  <testcase classname="test.UserManagementTest" name="verifyRolesFieldisEnabled" time="7.911"/>
  <testcase classname="test.UserManagementTest" name="verifySalesCommissionAgentFieldisEnabled" time="7.101"/>
  <testcase classname="test.UserManagementTest" name="verifyUsersFieldisEnabled" time="7.895"/>
  <testcase classname="test.ProfilePageTest" name="verifyProfileUpdate" time="12.013"/>
  <testcase classname="test.AddUserPageTest" name="verifyAddUser" time="14.42"/>
  <testcase classname="test.AddUserPageTest" name="verifyUserLoginWithNewlyaddeduser" time="20.018"/>
  <testcase classname="test.UsersPageTest" name="verifyDeleteFunctionality" time="15.193"/>
  <testcase classname="test.UsersPageTest" name="verifyEditFunctionality" time="13.143"/>
</testsuite> <!-- TestReport -->
