<?xml version="1.0" encoding="UTF-8"?>
<!-- Generated by org.testng.reporters.JUnitXMLReporter -->
<testsuite ignored="0" hostname="DESKTOP-I5JEI3M" failures="0" tests="3" name="UserManagementTest" time="45.631" errors="0" timestamp="2024-06-27T15:56:25 IST">
  <testcase classname="test.UserManagementTest" name="verifyRolesFieldisEnabled" time="4.6"/>
  <testcase classname="test.UserManagementTest" name="verifySalesCommissionAgentFieldisEnabled" time="3.684"/>
  <testcase classname="test.UserManagementTest" name="verifyUsersFieldisEnabled" time="3.71"/>
</testsuite> <!-- UserManagementTest -->
