<?xml version="1.0" encoding="UTF-8"?>
<!-- Generated by org.testng.reporters.JUnitXMLReporter -->
<testsuite ignored="0" hostname="DESKTOP-I5JEI3M" failures="0" tests="3" name="UserManagementTest" time="42.53" errors="0" timestamp="2024-07-02T21:04:13 IST">
  <testcase classname="test.UserManagementTest" name="verifyRolesFieldisEnabled" time="4.569"/>
  <testcase classname="test.UserManagementTest" name="verifySalesCommissionAgentFieldisEnabled" time="3.384"/>
  <testcase classname="test.UserManagementTest" name="verifyUsersFieldisEnabled" time="3.319"/>
</testsuite> <!-- UserManagementTest -->
