<?xml version="1.0" encoding="UTF-8"?>
<testng-results ignored="0" total="2" passed="2" failed="0" skipped="0">
  <reporter-output>
  </reporter-output>
  <suite started-at="2024-07-02T21:31:20 IST" name="Suite" finished-at="2024-07-02T21:32:17 IST" duration-ms="56761">
    <groups>
    </groups>
    <test started-at="2024-07-02T21:31:20 IST" name="Users Page Test" finished-at="2024-07-02T21:32:17 IST" duration-ms="56761">
      <class name="test.UsersPageTest">
        <test-method is-config="true" signature="setUp(java.lang.String)[pri:0, instance:test.UsersPageTest@cb0755b]" started-at="2024-07-02T21:31:20 IST" name="setUp" finished-at="2024-07-02T21:31:33 IST" duration-ms="13001" status="PASS">
          <params>
            <param index="0">
              <value>
                <![CDATA[Chrome]]>
              </value>
            </param>
          </params>
          <reporter-output>
          </reporter-output>
        </test-method> <!-- setUp -->
        <test-method signature="verifyDeleteFunctionality()[pri:0, instance:test.UsersPageTest@cb0755b]" started-at="2024-07-02T21:31:33 IST" name="verifyDeleteFunctionality" finished-at="2024-07-02T21:31:51 IST" duration-ms="17575" status="PASS">
          <reporter-output>
          </reporter-output>
        </test-method> <!-- verifyDeleteFunctionality -->
        <test-method is-config="true" signature="closeBrowser(org.testng.ITestResult)[pri:0, instance:test.UsersPageTest@cb0755b]" started-at="2024-07-02T21:31:51 IST" name="closeBrowser" finished-at="2024-07-02T21:31:52 IST" duration-ms="1165" status="PASS">
          <params>
            <param index="0">
              <value>
                <![CDATA[[TestResult name=verifyDeleteFunctionality status=SUCCESS method=UsersPageTest.verifyDeleteFunctionality()[pri:0, instance:test.UsersPageTest@cb0755b] output={null}]]]>
              </value>
            </param>
          </params>
          <reporter-output>
          </reporter-output>
        </test-method> <!-- closeBrowser -->
        <test-method is-config="true" signature="setUp(java.lang.String)[pri:0, instance:test.UsersPageTest@cb0755b]" started-at="2024-07-02T21:31:52 IST" name="setUp" finished-at="2024-07-02T21:32:05 IST" duration-ms="12992" status="PASS">
          <params>
            <param index="0">
              <value>
                <![CDATA[Chrome]]>
              </value>
            </param>
          </params>
          <reporter-output>
          </reporter-output>
        </test-method> <!-- setUp -->
        <test-method signature="verifyEditFunctionality()[pri:0, instance:test.UsersPageTest@cb0755b]" started-at="2024-07-02T21:32:05 IST" name="verifyEditFunctionality" finished-at="2024-07-02T21:32:17 IST" duration-ms="11540" status="PASS">
          <reporter-output>
          </reporter-output>
        </test-method> <!-- verifyEditFunctionality -->
        <test-method is-config="true" signature="closeBrowser(org.testng.ITestResult)[pri:0, instance:test.UsersPageTest@cb0755b]" started-at="2024-07-02T21:32:17 IST" name="closeBrowser" finished-at="2024-07-02T21:32:17 IST" duration-ms="359" status="PASS">
          <params>
            <param index="0">
              <value>
                <![CDATA[[TestResult name=verifyEditFunctionality status=SUCCESS method=UsersPageTest.verifyEditFunctionality()[pri:0, instance:test.UsersPageTest@cb0755b] output={null}]]]>
              </value>
            </param>
          </params>
          <reporter-output>
          </reporter-output>
        </test-method> <!-- closeBrowser -->
      </class> <!-- test.UsersPageTest -->
    </test> <!-- Users Page Test -->
  </suite> <!-- Suite -->
</testng-results>
