<?xml version="1.0" encoding="UTF-8"?>
<testng-results ignored="0" total="3" passed="3" failed="0" skipped="0">
  <reporter-output>
  </reporter-output>
  <suite started-at="2024-07-05T20:26:09 IST" name="Suite" finished-at="2024-07-05T20:27:11 IST" duration-ms="61756">
    <groups>
      <group name="Sanity">
        <method signature="ResetPageTest.verifyResetPageTitle()[pri:0, instance:test.ResetPageTest@33065d67]" name="verifyResetPageTitle" class="test.ResetPageTest"/>
      </group> <!-- Sanity -->
      <group name="Smoke">
        <method signature="ResetPageTest.verifyErrorMsgWithInvalidEmailId()[pri:0, instance:test.ResetPageTest@33065d67]" name="verifyErrorMsgWithInvalidEmailId" class="test.ResetPageTest"/>
        <method signature="ResetPageTest.verifyPasswordResetwithValidEmailId()[pri:0, instance:test.ResetPageTest@33065d67]" name="verifyPasswordResetwithValidEmailId" class="test.ResetPageTest"/>
      </group> <!-- Smoke -->
    </groups>
    <test started-at="2024-07-05T20:26:09 IST" name="FunctionalTest" finished-at="2024-07-05T20:27:11 IST" duration-ms="61756">
      <class name="test.ResetPageTest">
        <test-method is-config="true" signature="setUp(java.lang.String)[pri:0, instance:test.ResetPageTest@33065d67]" started-at="2024-07-05T20:26:09 IST" name="setUp" finished-at="2024-07-05T20:26:27 IST" duration-ms="17580" status="PASS">
          <params>
            <param index="0">
              <value>
                <![CDATA[Chrome]]>
              </value>
            </param>
          </params>
          <reporter-output>
          </reporter-output>
        </test-method> <!-- setUp -->
        <test-method signature="verifyErrorMsgWithInvalidEmailId()[pri:0, instance:test.ResetPageTest@33065d67]" started-at="2024-07-05T20:26:27 IST" name="verifyErrorMsgWithInvalidEmailId" finished-at="2024-07-05T20:26:30 IST" duration-ms="3470" status="PASS">
          <reporter-output>
          </reporter-output>
        </test-method> <!-- verifyErrorMsgWithInvalidEmailId -->
        <test-method is-config="true" signature="closeBrowser(org.testng.ITestResult)[pri:0, instance:test.ResetPageTest@33065d67]" started-at="2024-07-05T20:26:30 IST" name="closeBrowser" finished-at="2024-07-05T20:26:31 IST" duration-ms="182" status="PASS">
          <params>
            <param index="0">
              <value>
                <![CDATA[[TestResult name=verifyErrorMsgWithInvalidEmailId status=SUCCESS method=ResetPageTest.verifyErrorMsgWithInvalidEmailId()[pri:0, instance:test.ResetPageTest@33065d67] output={null}]]]>
              </value>
            </param>
          </params>
          <reporter-output>
          </reporter-output>
        </test-method> <!-- closeBrowser -->
        <test-method is-config="true" signature="setUp(java.lang.String)[pri:0, instance:test.ResetPageTest@33065d67]" started-at="2024-07-05T20:26:31 IST" name="setUp" finished-at="2024-07-05T20:26:50 IST" duration-ms="19250" status="PASS">
          <params>
            <param index="0">
              <value>
                <![CDATA[Chrome]]>
              </value>
            </param>
          </params>
          <reporter-output>
          </reporter-output>
        </test-method> <!-- setUp -->
        <test-method signature="verifyPasswordResetwithValidEmailId()[pri:0, instance:test.ResetPageTest@33065d67]" started-at="2024-07-05T20:26:50 IST" name="verifyPasswordResetwithValidEmailId" finished-at="2024-07-05T20:26:52 IST" duration-ms="2476" status="PASS">
          <reporter-output>
          </reporter-output>
        </test-method> <!-- verifyPasswordResetwithValidEmailId -->
        <test-method is-config="true" signature="closeBrowser(org.testng.ITestResult)[pri:0, instance:test.ResetPageTest@33065d67]" started-at="2024-07-05T20:26:52 IST" name="closeBrowser" finished-at="2024-07-05T20:26:53 IST" duration-ms="178" status="PASS">
          <params>
            <param index="0">
              <value>
                <![CDATA[[TestResult name=verifyPasswordResetwithValidEmailId status=SUCCESS method=ResetPageTest.verifyPasswordResetwithValidEmailId()[pri:0, instance:test.ResetPageTest@33065d67] output={null}]]]>
              </value>
            </param>
          </params>
          <reporter-output>
          </reporter-output>
        </test-method> <!-- closeBrowser -->
        <test-method is-config="true" signature="setUp(java.lang.String)[pri:0, instance:test.ResetPageTest@33065d67]" started-at="2024-07-05T20:26:53 IST" name="setUp" finished-at="2024-07-05T20:27:10 IST" duration-ms="17390" status="PASS">
          <params>
            <param index="0">
              <value>
                <![CDATA[Chrome]]>
              </value>
            </param>
          </params>
          <reporter-output>
          </reporter-output>
        </test-method> <!-- setUp -->
        <test-method signature="verifyResetPageTitle()[pri:0, instance:test.ResetPageTest@33065d67]" started-at="2024-07-05T20:27:10 IST" name="verifyResetPageTitle" finished-at="2024-07-05T20:27:11 IST" duration-ms="953" status="PASS">
          <reporter-output>
          </reporter-output>
        </test-method> <!-- verifyResetPageTitle -->
        <test-method is-config="true" signature="closeBrowser(org.testng.ITestResult)[pri:0, instance:test.ResetPageTest@33065d67]" started-at="2024-07-05T20:27:11 IST" name="closeBrowser" finished-at="2024-07-05T20:27:11 IST" duration-ms="206" status="PASS">
          <params>
            <param index="0">
              <value>
                <![CDATA[[TestResult name=verifyResetPageTitle status=SUCCESS method=ResetPageTest.verifyResetPageTitle()[pri:0, instance:test.ResetPageTest@33065d67] output={null}]]]>
              </value>
            </param>
          </params>
          <reporter-output>
          </reporter-output>
        </test-method> <!-- closeBrowser -->
      </class> <!-- test.ResetPageTest -->
    </test> <!-- FunctionalTest -->
  </suite> <!-- Suite -->
</testng-results>
